<?xml version="1.0" encoding="UTF-8"?>
<testsuite xmlns:xsi="http://www.w3.org/2001/XMLSchema-instance" xsi:noNamespaceSchemaLocation="https://maven.apache.org/surefire/maven-surefire-plugin/xsd/surefire-test-report-3.0.xsd" version="3.0" name="com.mycompany.proyecto2_progra2.data.ClienteDataTest" time="0.347" tests="1" errors="0" skipped="0" failures="0">
  <properties>
[...]
</properties>
  <testcase name="insertar_Cliente" classname="com.mycompany.proyecto2_progra2.data.ClienteDataTest" time="0.282">
    <system-out><![CDATA[<?xml version="1.0" encoding="UTF-8"?>
<clientes><cliente id="305630588"><nombre>Luisa</nombre><primerApellido>Salas </primerApellido><segundoApellido>Thames</segundoApellido><telefono>84241194</telefono><direccion>San Francisco</direccion><email>jimenasalasthames@gmail.com</email></cliente><cliente id="123456789"><nombre>Luciana</nombre><primerApellido>Mora</primerApellido><segundoApellido>Perez</segundoApellido><telefono>123456789</telefono><direccion>San Francisco</direccion><email>luciana@gmail.com</email></cliente><cliente id="21"><nombre>Luis Carlos</nombre><primerApellido>Sibaja</primerApellido><segundoApellido>Otárola</segundoApellido><telefono>56544568</telefono><direccion>Cartago, sobre carretera nacional, 275m suroeste del Pali de la Pitahaya, al frente del restaurante Chikenlover, casa 14b.</direccion><email>lu@hotmail.com</email></cliente><cliente id="21"><nombre>Luis Carlos</nombre><primerApellido>Sibaja</primerApellido><segundoApellido>Otárola</segundoApellido><telefono>56544568</telefono><direccion>Cartago, sobre carretera nacional, 275m suroeste del Pali de la Pitahaya, al frente del restaurante Chikenlover, casa 14b.</direccion><email>lu@hotmail.com</email></cliente><cliente id="21"><nombre>Luis Carlos</nombre><primerApellido>Sibaja</primerApellido><segundoApellido>Otárola</segundoApellido><telefono>56544568</telefono><direccion>Cartago, sobre carretera nacional, 275m suroeste del Pali de la Pitahaya, al frente del restaurante Chikenlover, casa 14b.</direccion><email>lu@hotmail.com</email></cliente><cliente id="21"><nombre>Luis Carlos</nombre><primerApellido>Sibaja</primerApellido><segundoApellido>Otárola</segundoApellido><telefono>56544568</telefono><direccion>Cartago, sobre carretera nacional, 275m suroeste del Pali de la Pitahaya, al frente del restaurante Chikenlover, casa 14b.</direccion><email>lu@hotmail.com</email></cliente><cliente id="A12"><nombre>Luis</nombre><primerApellido>Sibaja</primerApellido><segundoApellido>Otarola</segundoApellido><telefono>90878908</telefono><direccion>Cartago</direccion><email>luis@gmail.com</email></cliente></clientes>
<?xml version="1.0" encoding="UTF-8"?>
<clientes><cliente id="305630588"><nombre>Luisa</nombre><primerApellido>Salas </primerApellido><segundoApellido>Thames</segundoApellido><telefono>84241194</telefono><direccion>San Francisco</direccion><email>jimenasalasthames@gmail.com</email></cliente><cliente id="123456789"><nombre>Luciana</nombre><primerApellido>Mora</primerApellido><segundoApellido>Perez</segundoApellido><telefono>123456789</telefono><direccion>San Francisco</direccion><email>luciana@gmail.com</email></cliente><cliente id="21"><nombre>Luis Carlos</nombre><primerApellido>Sibaja</primerApellido><segundoApellido>Otárola</segundoApellido><telefono>56544568</telefono><direccion>Cartago, sobre carretera nacional, 275m suroeste del Pali de la Pitahaya, al frente del restaurante Chikenlover, casa 14b.</direccion><email>lu@hotmail.com</email></cliente><cliente id="21"><nombre>Luis Carlos</nombre><primerApellido>Sibaja</primerApellido><segundoApellido>Otárola</segundoApellido><telefono>56544568</telefono><direccion>Cartago, sobre carretera nacional, 275m suroeste del Pali de la Pitahaya, al frente del restaurante Chikenlover, casa 14b.</direccion><email>lu@hotmail.com</email></cliente><cliente id="21"><nombre>Luis Carlos</nombre><primerApellido>Sibaja</primerApellido><segundoApellido>Otárola</segundoApellido><telefono>56544568</telefono><direccion>Cartago, sobre carretera nacional, 275m suroeste del Pali de la Pitahaya, al frente del restaurante Chikenlover, casa 14b.</direccion><email>lu@hotmail.com</email></cliente><cliente id="21"><nombre>Luis Carlos</nombre><primerApellido>Sibaja</primerApellido><segundoApellido>Otárola</segundoApellido><telefono>56544568</telefono><direccion>Cartago, sobre carretera nacional, 275m suroeste del Pali de la Pitahaya, al frente del restaurante Chikenlover, casa 14b.</direccion><email>lu@hotmail.com</email></cliente><cliente id="A12"><nombre>Luis</nombre><primerApellido>Sibaja</primerApellido><segundoApellido>Otarola</segundoApellido><telefono>90878908</telefono><direccion>Cartago</direccion><email>luis@gmail.com</email></cliente><cliente id="B12"><nombre>Axel</nombre><primerApellido>Ramirez</primerApellido><segundoApellido>Hernandes</segundoApellido><telefono>12312312</telefono><direccion>San Jose</direccion><email>axel@gmail.com</email></cliente></clientes>
<?xml version="1.0" encoding="UTF-8"?>
<clientes><cliente id="305630588"><nombre>Luisa</nombre><primerApellido>Salas </primerApellido><segundoApellido>Thames</segundoApellido><telefono>84241194</telefono><direccion>San Francisco</direccion><email>jimenasalasthames@gmail.com</email></cliente><cliente id="123456789"><nombre>Luciana</nombre><primerApellido>Mora</primerApellido><segundoApellido>Perez</segundoApellido><telefono>123456789</telefono><direccion>San Francisco</direccion><email>luciana@gmail.com</email></cliente><cliente id="21"><nombre>Luis Carlos</nombre><primerApellido>Sibaja</primerApellido><segundoApellido>Otárola</segundoApellido><telefono>56544568</telefono><direccion>Cartago, sobre carretera nacional, 275m suroeste del Pali de la Pitahaya, al frente del restaurante Chikenlover, casa 14b.</direccion><email>lu@hotmail.com</email></cliente><cliente id="21"><nombre>Luis Carlos</nombre><primerApellido>Sibaja</primerApellido><segundoApellido>Otárola</segundoApellido><telefono>56544568</telefono><direccion>Cartago, sobre carretera nacional, 275m suroeste del Pali de la Pitahaya, al frente del restaurante Chikenlover, casa 14b.</direccion><email>lu@hotmail.com</email></cliente><cliente id="21"><nombre>Luis Carlos</nombre><primerApellido>Sibaja</primerApellido><segundoApellido>Otárola</segundoApellido><telefono>56544568</telefono><direccion>Cartago, sobre carretera nacional, 275m suroeste del Pali de la Pitahaya, al frente del restaurante Chikenlover, casa 14b.</direccion><email>lu@hotmail.com</email></cliente><cliente id="21"><nombre>Luis Carlos</nombre><primerApellido>Sibaja</primerApellido><segundoApellido>Otárola</segundoApellido><telefono>56544568</telefono><direccion>Cartago, sobre carretera nacional, 275m suroeste del Pali de la Pitahaya, al frente del restaurante Chikenlover, casa 14b.</direccion><email>lu@hotmail.com</email></cliente><cliente id="A12"><nombre>Luis</nombre><primerApellido>Sibaja</primerApellido><segundoApellido>Otarola</segundoApellido><telefono>90878908</telefono><direccion>Cartago</direccion><email>luis@gmail.com</email></cliente><cliente id="B12"><nombre>Axel</nombre><primerApellido>Ramirez</primerApellido><segundoApellido>Hernandes</segundoApellido><telefono>12312312</telefono><direccion>San Jose</direccion><email>axel@gmail.com</email></cliente><cliente id="C12"><nombre>Maria</nombre><primerApellido>Hernandez</primerApellido><segundoApellido>Castro</segundoApellido><telefono>12365323</telefono><direccion>Alajuela</direccion><email>maria@gmail.com</email></cliente></clientes>
Cliente{id=305630588, nombre=Luisa, primerApellido=Salas , segundoApellido=Thames, direccion=San Francisco, email=jimenasalasthames@gmail.com, telefono=84241194}
Cliente{id=123456789, nombre=Luciana, primerApellido=Mora, segundoApellido=Perez, direccion=San Francisco, email=luciana@gmail.com, telefono=123456789}
Cliente{id=21, nombre=Luis Carlos, primerApellido=Sibaja, segundoApellido=Otárola, direccion=Cartago, sobre carretera nacional, 275m suroeste del Pali de la Pitahaya, al frente del restaurante Chikenlover, casa 14b., email=lu@hotmail.com, telefono=56544568}
Cliente{id=21, nombre=Luis Carlos, primerApellido=Sibaja, segundoApellido=Otárola, direccion=Cartago, sobre carretera nacional, 275m suroeste del Pali de la Pitahaya, al frente del restaurante Chikenlover, casa 14b., email=lu@hotmail.com, telefono=56544568}
Cliente{id=21, nombre=Luis Carlos, primerApellido=Sibaja, segundoApellido=Otárola, direccion=Cartago, sobre carretera nacional, 275m suroeste del Pali de la Pitahaya, al frente del restaurante Chikenlover, casa 14b., email=lu@hotmail.com, telefono=56544568}
Cliente{id=21, nombre=Luis Carlos, primerApellido=Sibaja, segundoApellido=Otárola, direccion=Cartago, sobre carretera nacional, 275m suroeste del Pali de la Pitahaya, al frente del restaurante Chikenlover, casa 14b., email=lu@hotmail.com, telefono=56544568}
Cliente{id=A12, nombre=Luis, primerApellido=Sibaja, segundoApellido=Otarola, direccion=Cartago, email=luis@gmail.com, telefono=90878908}
Cliente{id=B12, nombre=Axel, primerApellido=Ramirez, segundoApellido=Hernandes, direccion=San Jose, email=axel@gmail.com, telefono=12312312}
Cliente{id=C12, nombre=Maria, primerApellido=Hernandez, segundoApellido=Castro, direccion=Alajuela, email=maria@gmail.com, telefono=12365323}
]]></system-out>
  </testcase>
</testsuite>