<?xml version="1.0" encoding="UTF-8"?>
<testsuite xmlns:xsi="http://www.w3.org/2001/XMLSchema-instance" xsi:noNamespaceSchemaLocation="https://maven.apache.org/surefire/maven-surefire-plugin/xsd/surefire-test-report-3.0.xsd" version="3.0" name="com.mycompany.proyecto2_progra2.data.VehiculoDataTest" time="0.081" tests="1" errors="0" skipped="0" failures="0">
  <properties>
[...]
</properties>
  <testcase name="insertar_Vehiculo" classname="com.mycompany.proyecto2_progra2.data.VehiculoDataTest" time="0.079">
    <system-out><![CDATA[Cliente encontrado con ID: 2
Cliente encontrado con ID: 2
Vehiculo{placa=0001, color=Negro, marca=Hyundai, estilo=Vynil, vin=1HGCM82633A004352, cilindraje=10, annio=2020, duenno=Cliente{id=2, nombre=Mariana, primerApellido=Gomez, segundoApellido=Ulloa, direccion=Limon, email=marigo@gmail.com, telefono=1234567}}
Vehiculo{placa=0002, color=Blanco, marca=Hyundai, estilo=Sport, vin=1HGCM82633A004352, cilindraje=, annio=2020, duenno=Cliente{id=2, nombre=Mariana, primerApellido=Gomez, segundoApellido=Ulloa, direccion=Limon, email=marigo@gmail.com, telefono=1234567}}
]]></system-out>
  </testcase>
</testsuite>